This file contains any messages produced by compilers while
running configure, to aid debugging if configure makes a mistake.

It was created by SoundTouch configure 1.9.2, which was
generated by GNU Autoconf 2.69.  Invocation command line was

  $ ./configure 

## --------- ##
## Platform. ##
## --------- ##

hostname = alex-ThinkPad-T490
uname -m = x86_64
uname -r = 5.13.0-52-generic
uname -s = Linux
uname -v = #59~20.04.1-Ubuntu SMP Thu Jun 16 21:21:28 UTC 2022

/usr/bin/uname -p = x86_64
/bin/uname -X     = unknown

/bin/arch              = x86_64
/usr/bin/arch -k       = unknown
/usr/convex/getsysinfo = unknown
/usr/bin/hostinfo      = unknown
/bin/machine           = unknown
/usr/bin/oslevel       = unknown
/bin/universe          = unknown

PATH: /home/alex/.local/bin
PATH: /usr/local/sbin
PATH: /usr/local/bin
PATH: /usr/sbin
PATH: /usr/bin
PATH: /sbin
PATH: /bin
PATH: /usr/games
PATH: /usr/local/games
PATH: /snap/bin
PATH: /usr/local/go/bin


## ----------- ##
## Core tests. ##
## ----------- ##

configure:2465: checking for a BSD-compatible install
configure:2533: result: /usr/bin/install -c
configure:2544: checking whether build environment is sane
configure:2599: result: yes
configure:2748: checking for a thread-safe mkdir -p
configure:2787: result: /usr/bin/mkdir -p
configure:2794: checking for gawk
configure:2824: result: no
configure:2794: checking for mawk
configure:2810: found /usr/bin/mawk
configure:2821: result: mawk
configure:2832: checking whether make sets $(MAKE)
configure:2854: result: yes
configure:2883: checking whether make supports nested variables
configure:2900: result: yes
configure:3037: checking whether make supports nested variables
configure:3054: result: yes
configure:3167: checking for g++
configure:3183: found /usr/bin/g++
configure:3194: result: g++
configure:3221: checking for C++ compiler version
configure:3230: g++ --version >&5
g++ (Ubuntu 9.4.0-1ubuntu1~20.04.1) 9.4.0
Copyright (C) 2019 Free Software Foundation, Inc.
This is free software; see the source for copying conditions.  There is NO
warranty; not even for MERCHANTABILITY or FITNESS FOR A PARTICULAR PURPOSE.

configure:3241: $? = 0
configure:3230: g++ -v >&5
Using built-in specs.
COLLECT_GCC=g++
COLLECT_LTO_WRAPPER=/usr/lib/gcc/x86_64-linux-gnu/9/lto-wrapper
OFFLOAD_TARGET_NAMES=nvptx-none:hsa
OFFLOAD_TARGET_DEFAULT=1
Target: x86_64-linux-gnu
Configured with: ../src/configure -v --with-pkgversion='Ubuntu 9.4.0-1ubuntu1~20.04.1' --with-bugurl=file:///usr/share/doc/gcc-9/README.Bugs --enable-languages=c,ada,c++,go,brig,d,fortran,objc,obj-c++,gm2 --prefix=/usr --with-gcc-major-version-only --program-suffix=-9 --program-prefix=x86_64-linux-gnu- --enable-shared --enable-linker-build-id --libexecdir=/usr/lib --without-included-gettext --enable-threads=posix --libdir=/usr/lib --enable-nls --enable-clocale=gnu --enable-libstdcxx-debug --enable-libstdcxx-time=yes --with-default-libstdcxx-abi=new --enable-gnu-unique-object --disable-vtable-verify --enable-plugin --enable-default-pie --with-system-zlib --with-target-system-zlib=auto --enable-objc-gc=auto --enable-multiarch --disable-werror --with-arch-32=i686 --with-abi=m64 --with-multilib-list=m32,m64,mx32 --enable-multilib --with-tune=generic --enable-offload-targets=nvptx-none=/build/gcc-9-Av3uEd/gcc-9-9.4.0/debian/tmp-nvptx/usr,hsa --without-cuda-driver --enable-checking=release --build=x86_64-linux-gnu --host=x86_64-linux-gnu --target=x86_64-linux-gnu
Thread model: posix
gcc version 9.4.0 (Ubuntu 9.4.0-1ubuntu1~20.04.1) 
configure:3241: $? = 0
configure:3230: g++ -V >&5
g++: error: unrecognized command line option '-V'
g++: fatal error: no input files
compilation terminated.
configure:3241: $? = 1
configure:3230: g++ -qversion >&5
g++: error: unrecognized command line option '-qversion'; did you mean '--version'?
g++: fatal error: no input files
compilation terminated.
configure:3241: $? = 1
configure:3261: checking whether the C++ compiler works
configure:3283: g++    conftest.cpp  >&5
configure:3287: $? = 0
configure:3335: result: yes
configure:3338: checking for C++ compiler default output file name
configure:3340: result: a.out
configure:3346: checking for suffix of executables
configure:3353: g++ -o conftest    conftest.cpp  >&5
configure:3357: $? = 0
configure:3379: result: 
configure:3401: checking whether we are cross compiling
configure:3409: g++ -o conftest    conftest.cpp  >&5
configure:3413: $? = 0
configure:3420: ./conftest
configure:3424: $? = 0
configure:3412: result: no
configure:3417: checking for suffix of object files
configure:3439: g++ -c   conftest.cpp >&5
configure:3443: $? = 0
configure:3464: result: o
configure:3468: checking whether we are using the GNU C++ compiler
configure:3487: g++ -c   conftest.cpp >&5
configure:3487: $? = 0
configure:3496: result: yes
configure:3505: checking whether g++ accepts -g
configure:3525: g++ -c -g  conftest.cpp >&5
configure:3525: $? = 0
configure:3566: result: yes
configure:3592: checking whether make supports the include directive
configure:3607: make -f confmf.GNU && cat confinc.out
this is the am__doit target
configure:3610: $? = 0
configure:3629: result: yes (GNU style)
configure:3654: checking dependency style of g++
configure:3765: result: gcc3
configure:3829: checking for gcc
configure:3845: found /usr/bin/gcc
configure:3856: result: gcc
configure:4085: checking for C compiler version
configure:4094: gcc --version >&5
gcc (Ubuntu 9.4.0-1ubuntu1~20.04.1) 9.4.0
Copyright (C) 2019 Free Software Foundation, Inc.
This is free software; see the source for copying conditions.  There is NO
warranty; not even for MERCHANTABILITY or FITNESS FOR A PARTICULAR PURPOSE.

configure:4105: $? = 0
configure:4094: gcc -v >&5
Using built-in specs.
COLLECT_GCC=gcc
COLLECT_LTO_WRAPPER=/usr/lib/gcc/x86_64-linux-gnu/9/lto-wrapper
OFFLOAD_TARGET_NAMES=nvptx-none:hsa
OFFLOAD_TARGET_DEFAULT=1
Target: x86_64-linux-gnu
Configured with: ../src/configure -v --with-pkgversion='Ubuntu 9.4.0-1ubuntu1~20.04.1' --with-bugurl=file:///usr/share/doc/gcc-9/README.Bugs --enable-languages=c,ada,c++,go,brig,d,fortran,objc,obj-c++,gm2 --prefix=/usr --with-gcc-major-version-only --program-suffix=-9 --program-prefix=x86_64-linux-gnu- --enable-shared --enable-linker-build-id --libexecdir=/usr/lib --without-included-gettext --enable-threads=posix --libdir=/usr/lib --enable-nls --enable-clocale=gnu --enable-libstdcxx-debug --enable-libstdcxx-time=yes --with-default-libstdcxx-abi=new --enable-gnu-unique-object --disable-vtable-verify --enable-plugin --enable-default-pie --with-system-zlib --with-target-system-zlib=auto --enable-objc-gc=auto --enable-multiarch --disable-werror --with-arch-32=i686 --with-abi=m64 --with-multilib-list=m32,m64,mx32 --enable-multilib --with-tune=generic --enable-offload-targets=nvptx-none=/build/gcc-9-Av3uEd/gcc-9-9.4.0/debian/tmp-nvptx/usr,hsa --without-cuda-driver --enable-checking=release --build=x86_64-linux-gnu --host=x86_64-linux-gnu --target=x86_64-linux-gnu
Thread model: posix
gcc version 9.4.0 (Ubuntu 9.4.0-1ubuntu1~20.04.1) 
configure:4105: $? = 0
configure:4094: gcc -V >&5
gcc: error: unrecognized command line option '-V'
gcc: fatal error: no input files
compilation terminated.
configure:4105: $? = 1
configure:4094: gcc -qversion >&5
gcc: error: unrecognized command line option '-qversion'; did you mean '--version'?
gcc: fatal error: no input files
compilation terminated.
configure:4105: $? = 1
configure:4109: checking whether we are using the GNU C compiler
configure:4128: gcc -c   conftest.c >&5
configure:4128: $? = 0
configure:4137: result: yes
configure:4146: checking whether gcc accepts -g
configure:4166: gcc -c -g  conftest.c >&5
configure:4166: $? = 0
configure:4207: result: yes
configure:4224: checking for gcc option to accept ISO C89
configure:4287: gcc  -c -g -O2  conftest.c >&5
configure:4287: $? = 0
configure:4300: result: none needed
configure:4325: checking whether gcc understands -c and -o together
configure:4347: gcc -c conftest.c -o conftest2.o
configure:4350: $? = 0
configure:4347: gcc -c conftest.c -o conftest2.o
configure:4350: $? = 0
configure:4362: result: yes
configure:4381: checking dependency style of gcc
configure:4492: result: gcc3
configure:4512: checking how to run the C preprocessor
configure:4543: gcc -E  conftest.c
configure:4543: $? = 0
configure:4557: gcc -E  conftest.c
conftest.c:11:10: fatal error: ac_nonexistent.h: No such file or directory
   11 | #include <ac_nonexistent.h>
      |          ^~~~~~~~~~~~~~~~~~
compilation terminated.
configure:4557: $? = 1
configure: failed program was:
| /* confdefs.h */
| #define PACKAGE_NAME "SoundTouch"
| #define PACKAGE_TARNAME "soundtouch"
| #define PACKAGE_VERSION "1.9.2"
| #define PACKAGE_STRING "SoundTouch 1.9.2"
| #define PACKAGE_BUGREPORT "http://www.surina.net/soundtouch"
| #define PACKAGE_URL ""
| #define PACKAGE "soundtouch"
| #define VERSION "1.9.2"
| /* end confdefs.h.  */
| #include <ac_nonexistent.h>
configure:4582: result: gcc -E
configure:4602: gcc -E  conftest.c
configure:4602: $? = 0
configure:4616: gcc -E  conftest.c
conftest.c:11:10: fatal error: ac_nonexistent.h: No such file or directory
   11 | #include <ac_nonexistent.h>
      |          ^~~~~~~~~~~~~~~~~~
compilation terminated.
configure:4616: $? = 1
configure: failed program was:
| /* confdefs.h */
| #define PACKAGE_NAME "SoundTouch"
| #define PACKAGE_TARNAME "soundtouch"
| #define PACKAGE_VERSION "1.9.2"
| #define PACKAGE_STRING "SoundTouch 1.9.2"
| #define PACKAGE_BUGREPORT "http://www.surina.net/soundtouch"
| #define PACKAGE_URL ""
| #define PACKAGE "soundtouch"
| #define VERSION "1.9.2"
| /* end confdefs.h.  */
| #include <ac_nonexistent.h>
configure:4649: checking how to run the C++ preprocessor
configure:4676: g++ -E  conftest.cpp
configure:4676: $? = 0
configure:4690: g++ -E  conftest.cpp
conftest.cpp:11:10: fatal error: ac_nonexistent.h: No such file or directory
   11 | #include <ac_nonexistent.h>
      |          ^~~~~~~~~~~~~~~~~~
compilation terminated.
configure:4690: $? = 1
configure: failed program was:
| /* confdefs.h */
| #define PACKAGE_NAME "SoundTouch"
| #define PACKAGE_TARNAME "soundtouch"
| #define PACKAGE_VERSION "1.9.2"
| #define PACKAGE_STRING "SoundTouch 1.9.2"
| #define PACKAGE_BUGREPORT "http://www.surina.net/soundtouch"
| #define PACKAGE_URL ""
| #define PACKAGE "soundtouch"
| #define VERSION "1.9.2"
| /* end confdefs.h.  */
| #include <ac_nonexistent.h>
configure:4715: result: g++ -E
configure:4735: g++ -E  conftest.cpp
configure:4735: $? = 0
configure:4749: g++ -E  conftest.cpp
conftest.cpp:11:10: fatal error: ac_nonexistent.h: No such file or directory
   11 | #include <ac_nonexistent.h>
      |          ^~~~~~~~~~~~~~~~~~
compilation terminated.
configure:4749: $? = 1
configure: failed program was:
| /* confdefs.h */
| #define PACKAGE_NAME "SoundTouch"
| #define PACKAGE_TARNAME "soundtouch"
| #define PACKAGE_VERSION "1.9.2"
| #define PACKAGE_STRING "SoundTouch 1.9.2"
| #define PACKAGE_BUGREPORT "http://www.surina.net/soundtouch"
| #define PACKAGE_URL ""
| #define PACKAGE "soundtouch"
| #define VERSION "1.9.2"
| /* end confdefs.h.  */
| #include <ac_nonexistent.h>
configure:4779: checking whether make sets $(MAKE)
configure:4801: result: yes
configure:4840: checking build system type
configure:4854: result: x86_64-pc-linux-gnu
configure:4874: checking host system type
configure:4887: result: x86_64-pc-linux-gnu
configure:4928: checking how to print strings
configure:4955: result: printf
configure:4976: checking for a sed that does not truncate output
configure:5040: result: /usr/bin/sed
configure:5058: checking for grep that handles long lines and -e
configure:5116: result: /usr/bin/grep
configure:5121: checking for egrep
configure:5183: result: /usr/bin/grep -E
configure:5188: checking for fgrep
configure:5250: result: /usr/bin/grep -F
configure:5285: checking for ld used by gcc
configure:5352: result: /usr/bin/ld
configure:5359: checking if the linker (/usr/bin/ld) is GNU ld
configure:5374: result: yes
configure:5386: checking for BSD- or MS-compatible name lister (nm)
configure:5440: result: /usr/bin/nm -B
configure:5570: checking the name lister (/usr/bin/nm -B) interface
configure:5577: g++ -c -g -O2  conftest.cpp >&5
configure:5580: /usr/bin/nm -B "conftest.o"
configure:5583: output
0000000000000000 B some_variable
configure:5584: result: BSD nm
configure:5587: checking whether ln -s works
configure:5591: result: yes
configure:5599: checking the maximum length of command line arguments
configure:5730: result: 1572864
configure:5778: checking how to convert x86_64-pc-linux-gnu file names to x86_64-pc-linux-gnu format
configure:5818: result: func_convert_file_noop
configure:5825: checking how to convert x86_64-pc-linux-gnu file names to toolchain format
configure:5845: result: func_convert_file_noop
configure:5852: checking for /usr/bin/ld option to reload object files
configure:5859: result: -r
configure:5933: checking for objdump
configure:5949: found /usr/bin/objdump
configure:5960: result: objdump
configure:5992: checking how to recognize dependent libraries
configure:6192: result: pass_all
configure:6277: checking for dlltool
configure:6307: result: no
configure:6337: checking how to associate runtime and link libraries
configure:6364: result: printf %s\n
configure:6425: checking for ar
configure:6441: found /usr/bin/ar
configure:6452: result: ar
configure:6489: checking for archiver @FILE support
configure:6506: g++ -c -g -O2  conftest.cpp >&5
configure:6506: $? = 0
configure:6509: ar cr libconftest.a @conftest.lst >&5
configure:6512: $? = 0
configure:6517: ar cr libconftest.a @conftest.lst >&5
ar: conftest.o: No such file or directory
configure:6520: $? = 1
configure:6519: result: @
configure:6577: checking for strip
configure:6593: found /usr/bin/strip
configure:6604: result: strip
configure:6676: checking for ranlib
configure:6692: found /usr/bin/ranlib
configure:6703: result: ranlib
configure:6805: checking command to parse /usr/bin/nm -B output from gcc object
configure:6958: g++ -c -g -O2  conftest.cpp >&5
configure:6961: $? = 0
configure:6965: /usr/bin/nm -B conftest.o | sed -n -e 's/^.*[	 ]\([ABCDGIRSTW][ABCDGIRSTW]*\)[	 ][	 ]*\([_A-Za-z][_A-Za-z0-9]*\)$/\1 \2 \2/p' | sed '/ __gnu_lto/d' > conftest.nm
configure:7031: g++ -o conftest -g -O2   conftest.cpp conftstm.o >&5
configure:7034: $? = 0
configure:7072: result: ok
configure:7119: checking for sysroot
configure:7149: result: no
configure:7156: checking for a working dd
configure:7194: result: /usr/bin/dd
configure:7198: checking how to truncate binary pipes
configure:7213: result: /usr/bin/dd bs=4096 count=1
configure:7350: g++ -c -g -O2  conftest.cpp >&5
configure:7353: $? = 0
configure:7543: checking for mt
configure:7559: found /usr/bin/mt
configure:7570: result: mt
configure:7593: checking if mt is a manifest tool
configure:7599: mt '-?'
configure:7607: result: no
configure:8280: checking for ANSI C header files
configure:8300: g++ -c -g -O2  conftest.cpp >&5
configure:8300: $? = 0
configure:8373: g++ -o conftest -g -O2   conftest.cpp  >&5
configure:8373: $? = 0
configure:8373: ./conftest
configure:8373: $? = 0
configure:8384: result: yes
configure:8397: checking for sys/types.h
configure:8397: g++ -c -g -O2  conftest.cpp >&5
configure:8397: $? = 0
configure:8397: result: yes
configure:8397: checking for sys/stat.h
configure:8397: g++ -c -g -O2  conftest.cpp >&5
configure:8397: $? = 0
configure:8397: result: yes
configure:8397: checking for stdlib.h
configure:8397: g++ -c -g -O2  conftest.cpp >&5
configure:8397: $? = 0
configure:8397: result: yes
configure:8397: checking for string.h
configure:8397: g++ -c -g -O2  conftest.cpp >&5
configure:8397: $? = 0
configure:8397: result: yes
configure:8397: checking for memory.h
configure:8397: g++ -c -g -O2  conftest.cpp >&5
configure:8397: $? = 0
configure:8397: result: yes
configure:8397: checking for strings.h
configure:8397: g++ -c -g -O2  conftest.cpp >&5
configure:8397: $? = 0
configure:8397: result: yes
configure:8397: checking for inttypes.h
configure:8397: g++ -c -g -O2  conftest.cpp >&5
configure:8397: $? = 0
configure:8397: result: yes
configure:8397: checking for stdint.h
configure:8397: g++ -c -g -O2  conftest.cpp >&5
configure:8397: $? = 0
configure:8397: result: yes
configure:8397: checking for unistd.h
configure:8397: g++ -c -g -O2  conftest.cpp >&5
configure:8397: $? = 0
configure:8397: result: yes
configure:8411: checking for dlfcn.h
configure:8411: g++ -c -g -O2  conftest.cpp >&5
configure:8411: $? = 0
configure:8411: result: yes
configure:8647: checking for objdir
configure:8662: result: .libs
configure:8926: checking if gcc supports -fno-rtti -fno-exceptions
configure:8944: gcc -c -g -O2  -fno-rtti -fno-exceptions conftest.c >&5
cc1: warning: command line option '-fno-rtti' is valid for C++/D/ObjC++ but not for C
configure:8948: $? = 0
configure:8961: result: no
configure:9325: checking for gcc option to produce PIC
configure:9332: result: -fPIC -DPIC
configure:9340: checking if gcc PIC flag -fPIC -DPIC works
configure:9358: gcc -c -g -O2  -fPIC -DPIC -DPIC conftest.c >&5
configure:9362: $? = 0
configure:9375: result: yes
configure:9404: checking if gcc static flag -static works
configure:9432: result: yes
configure:9447: checking if gcc supports -c -o file.o
configure:9468: gcc -c -g -O2  -o out/conftest2.o conftest.c >&5
configure:9472: $? = 0
configure:9494: result: yes
configure:9502: checking if gcc supports -c -o file.o
configure:9549: result: yes
configure:9582: checking whether the gcc linker (/usr/bin/ld -m elf_x86_64) supports shared libraries
configure:10845: result: yes
configure:10882: checking whether -lc should be explicitly linked in
configure:10890: gcc -c -g -O2  conftest.c >&5
configure:10893: $? = 0
configure:10908: gcc -shared  -fPIC -DPIC conftest.o  -v -Wl,-soname -Wl,conftest -o conftest 2\>\&1 \| /usr/bin/grep  -lc  \>/dev/null 2\>\&1
configure:10911: $? = 0
configure:10925: result: no
configure:11085: checking dynamic linker characteristics
configure:11666: gcc -o conftest -g -O2   -Wl,-rpath -Wl,/foo conftest.c  >&5
configure:11666: $? = 0
configure:11915: result: GNU/Linux ld.so
configure:12037: checking how to hardcode library paths into programs
configure:12062: result: immediate
configure:12610: checking whether stripping libraries is possible
configure:12615: result: yes
configure:12650: checking if libtool supports shared libraries
configure:12652: result: yes
configure:12655: checking whether to build shared libraries
configure:12680: result: yes
configure:12683: checking whether to build static libraries
configure:12687: result: no
configure:9486: checking how to run the C++ preprocessor
configure:9552: result: g++ -E
configure:9572: g++ -E  conftest.cpp
configure:9572: $? = 0
configure:9586: g++ -E  conftest.cpp
conftest.cpp:23:10: fatal error: ac_nonexistent.h: No such file or directory
   23 | #include <ac_nonexistent.h>
      |          ^~~~~~~~~~~~~~~~~~
compilation terminated.
configure:9586: $? = 1
configure: failed program was:
| /* confdefs.h */
| #define PACKAGE_NAME "SoundTouch"
| #define PACKAGE_TARNAME "soundtouch"
| #define PACKAGE_VERSION "1.9.2"
| #define PACKAGE_STRING "SoundTouch 1.9.2"
| #define PACKAGE_BUGREPORT "http://www.surina.net/soundtouch"
| #define PACKAGE_URL ""
| #define PACKAGE "soundtouch"
| #define VERSION "1.9.2"
| #define STDC_HEADERS 1
| #define HAVE_SYS_TYPES_H 1
| #define HAVE_SYS_STAT_H 1
| #define HAVE_STDLIB_H 1
| #define HAVE_STRING_H 1
| #define HAVE_MEMORY_H 1
| #define HAVE_STRINGS_H 1
| #define HAVE_INTTYPES_H 1
| #define HAVE_STDINT_H 1
| #define HAVE_UNISTD_H 1
| #define HAVE_DLFCN_H 1
| #define LT_OBJDIR ".libs/"
| /* end confdefs.h.  */
| #include <ac_nonexistent.h>
configure:9748: checking for ld used by g++
configure:9815: result: /usr/bin/ld -m elf_x86_64
configure:9822: checking if the linker (/usr/bin/ld -m elf_x86_64) is GNU ld
configure:9837: result: yes
configure:9892: checking whether the g++ linker (/usr/bin/ld -m elf_x86_64) supports shared libraries
configure:10965: result: yes
configure:11001: g++ -c -g -O2  conftest.cpp >&5
configure:11004: $? = 0
configure:11485: checking for g++ option to produce PIC
configure:11492: result: -fPIC -DPIC
configure:11500: checking if g++ PIC flag -fPIC -DPIC works
configure:11518: g++ -c -g -O2  -fPIC -DPIC -DPIC conftest.cpp >&5
configure:11522: $? = 0
configure:11535: result: yes
configure:11558: checking if g++ static flag -static works
configure:11586: result: yes
configure:11598: checking if g++ supports -c -o file.o
configure:11619: g++ -c -g -O2  -o out/conftest2.o conftest.cpp >&5
configure:11623: $? = 0
configure:11645: result: yes
configure:11650: checking if g++ supports -c -o file.o
configure:11697: result: yes
configure:11727: checking whether the g++ linker (/usr/bin/ld -m elf_x86_64) supports shared libraries
configure:11770: result: yes
configure:11911: checking dynamic linker characteristics
configure:12668: result: GNU/Linux ld.so
configure:12733: checking how to hardcode library paths into programs
configure:12758: result: immediate
configure:11654: checking for ANSI C header files
configure:11758: result: yes
configure:11770: checking cpuid.h usability
configure:11770: g++ -c -g -O2  conftest.cpp >&5
configure:11770: $? = 0
configure:11770: result: yes
configure:11770: checking cpuid.h presence
configure:11770: g++ -E  conftest.cpp
configure:11770: $? = 0
configure:11770: result: yes
configure:11770: checking for cpuid.h
configure:11770: result: yes
configure:11791: checking for an ANSI C-conforming const
configure:11857: g++ -c -g -O2  conftest.cpp >&5
configure:11857: $? = 0
configure:11864: result: yes
configure:11872: checking for inline
configure:11888: g++ -c -g -O2  conftest.cpp >&5
configure:11888: $? = 0
configure:11896: result: inline
configure:12002: g++ -c -mmmx -Winline -g -O2  conftest.cpp >&5
configure:12002: $? = 0
configure:12043: g++ -c -msse -Winline -g -O2  conftest.cpp >&5
configure:12043: $? = 0
configure:12105: checking for stdlib.h
configure:12105: result: yes
configure:12115: checking for GNU libc compatible malloc
configure:12139: g++ -o conftest -g -O2   conftest.cpp  >&5
configure:12139: $? = 0
configure:12139: ./conftest
configure:12139: $? = 0
configure:12149: result: yes
configure:12170: checking return type of signal handlers
configure:12188: g++ -c -g -O2  conftest.cpp >&5
conftest.cpp: In function 'int main()':
conftest.cpp:34:25: error: void value not ignored as it ought to be
   34 | return *(signal (0, 0)) (0) == 1;
      |         ~~~~~~~~~~~~~~~~^~~
configure:12188: $? = 1
configure: failed program was:
| /* confdefs.h */
| #define PACKAGE_NAME "SoundTouch"
| #define PACKAGE_TARNAME "soundtouch"
| #define PACKAGE_VERSION "1.9.2"
| #define PACKAGE_STRING "SoundTouch 1.9.2"
| #define PACKAGE_BUGREPORT "http://www.surina.net/soundtouch"
| #define PACKAGE_URL ""
| #define PACKAGE "soundtouch"
| #define VERSION "1.9.2"
| #define STDC_HEADERS 1
| #define HAVE_SYS_TYPES_H 1
| #define HAVE_SYS_STAT_H 1
| #define HAVE_STDLIB_H 1
| #define HAVE_STRING_H 1
| #define HAVE_MEMORY_H 1
| #define HAVE_STRINGS_H 1
| #define HAVE_INTTYPES_H 1
| #define HAVE_STDINT_H 1
| #define HAVE_UNISTD_H 1
| #define HAVE_DLFCN_H 1
| #define LT_OBJDIR ".libs/"
| #define STDC_HEADERS 1
| #define HAVE_CPUID_H 1
| #define SOUNDTOUCH_FLOAT_SAMPLES 1
| #define HAVE_STDLIB_H 1
| #define HAVE_MALLOC 1
| /* end confdefs.h.  */
| #include <sys/types.h>
| #include <signal.h>
| 
| int
| main ()
| {
| return *(signal (0, 0)) (0) == 1;
|   ;
|   return 0;
| }
configure:12195: result: void
configure:12204: checking for sqrt in -lm
configure:12229: g++ -o conftest -g -O2   conftest.cpp -lm   >&5
conftest.cpp:36:6: warning: declaration of 'char sqrt()' conflicts with built-in declaration 'double sqrt(double)' [-Wbuiltin-declaration-mismatch]
   36 | char sqrt ();
      |      ^~~~
configure:12229: $? = 0
configure:12238: result: yes
configure:12373: checking that generated files are newer than configure
configure:12379: result: done
configure:12418: creating ./config.status

## ---------------------- ##
## Running config.status. ##
## ---------------------- ##

This file was extended by SoundTouch config.status 1.9.2, which was
generated by GNU Autoconf 2.69.  Invocation command line was

  CONFIG_FILES    = 
  CONFIG_HEADERS  = 
  CONFIG_LINKS    = 
  CONFIG_COMMANDS = 
  $ ./config.status 

on alex-ThinkPad-T490

config.status:1165: creating Makefile
config.status:1165: creating source/Makefile
config.status:1165: creating source/SoundTouch/Makefile
config.status:1165: creating source/SoundStretch/Makefile
config.status:1165: creating source/Zic/Makefile
config.status:1165: creating include/Makefile
config.status:1165: creating soundtouch.pc
config.status:1165: creating config.h
config.status:1346: config.h is unchanged
config.status:1165: creating include/soundtouch_config.h
config.status:1346: include/soundtouch_config.h is unchanged
config.status:1394: executing depfiles commands
config.status:1471: cd source/SoundTouch       && sed -e '/# am--include-marker/d' Makefile         | make -f - am--depfiles
make: Nothing to be done for 'am--depfiles'.
config.status:1476: $? = 0
config.status:1471: cd source/SoundStretch       && sed -e '/# am--include-marker/d' Makefile         | make -f - am--depfiles
make: Nothing to be done for 'am--depfiles'.
config.status:1476: $? = 0
config.status:1471: cd source/Zic       && sed -e '/# am--include-marker/d' Makefile         | make -f - am--depfiles
make: Nothing to be done for 'am--depfiles'.
config.status:1476: $? = 0
config.status:1394: executing libtool commands

## ---------------- ##
## Cache variables. ##
## ---------------- ##

ac_cv_build=x86_64-pc-linux-gnu
ac_cv_c_compiler_gnu=yes
ac_cv_c_const=yes
ac_cv_c_inline=inline
ac_cv_cxx_compiler_gnu=yes
ac_cv_env_CCC_set=
ac_cv_env_CCC_value=
ac_cv_env_CC_set=
ac_cv_env_CC_value=
ac_cv_env_CFLAGS_set=
ac_cv_env_CFLAGS_value=
ac_cv_env_CPPFLAGS_set=
ac_cv_env_CPPFLAGS_value=
ac_cv_env_CPP_set=
ac_cv_env_CPP_value=
ac_cv_env_CXXCPP_set=
ac_cv_env_CXXCPP_value=
ac_cv_env_CXXFLAGS_set=
ac_cv_env_CXXFLAGS_value=
ac_cv_env_CXX_set=
ac_cv_env_CXX_value=
ac_cv_env_LDFLAGS_set=
ac_cv_env_LDFLAGS_value=
ac_cv_env_LIBS_set=
ac_cv_env_LIBS_value=
ac_cv_env_LT_SYS_LIBRARY_PATH_set=
ac_cv_env_LT_SYS_LIBRARY_PATH_value=
ac_cv_env_build_alias_set=
ac_cv_env_build_alias_value=
ac_cv_env_host_alias_set=
ac_cv_env_host_alias_value=
ac_cv_env_target_alias_set=
ac_cv_env_target_alias_value=
ac_cv_func_malloc_0_nonnull=yes
ac_cv_header_cpuid_h=yes
ac_cv_header_dlfcn_h=yes
ac_cv_header_inttypes_h=yes
ac_cv_header_memory_h=yes
ac_cv_header_stdc=yes
ac_cv_header_stdint_h=yes
ac_cv_header_stdlib_h=yes
ac_cv_header_string_h=yes
ac_cv_header_strings_h=yes
ac_cv_header_sys_stat_h=yes
ac_cv_header_sys_types_h=yes
ac_cv_header_unistd_h=yes
ac_cv_host=x86_64-pc-linux-gnu
ac_cv_lib_m_sqrt=yes
ac_cv_objext=o
ac_cv_path_EGREP='/usr/bin/grep -E'
ac_cv_path_FGREP='/usr/bin/grep -F'
ac_cv_path_GREP=/usr/bin/grep
ac_cv_path_SED=/usr/bin/sed
ac_cv_path_install='/usr/bin/install -c'
ac_cv_path_lt_DD=/usr/bin/dd
ac_cv_path_mkdir=/usr/bin/mkdir
ac_cv_prog_AWK=mawk
ac_cv_prog_CPP='gcc -E'
ac_cv_prog_CXXCPP='g++ -E'
ac_cv_prog_ac_ct_AR=ar
ac_cv_prog_ac_ct_CC=gcc
ac_cv_prog_ac_ct_CXX=g++
ac_cv_prog_ac_ct_MANIFEST_TOOL=mt
ac_cv_prog_ac_ct_OBJDUMP=objdump
ac_cv_prog_ac_ct_RANLIB=ranlib
ac_cv_prog_ac_ct_STRIP=strip
ac_cv_prog_cc_c89=
ac_cv_prog_cc_g=yes
ac_cv_prog_cxx_g=yes
ac_cv_prog_make_make_set=yes
ac_cv_type_signal=void
am_cv_CC_dependencies_compiler_type=gcc3
am_cv_CXX_dependencies_compiler_type=gcc3
am_cv_make_support_nested_variables=yes
am_cv_prog_cc_c_o=yes
lt_cv_ar_at_file=@
lt_cv_archive_cmds_need_lc=no
lt_cv_deplibs_check_method=pass_all
lt_cv_file_magic_cmd='$MAGIC_CMD'
lt_cv_file_magic_test_file=
lt_cv_ld_reload_flag=-r
lt_cv_nm_interface='BSD nm'
lt_cv_objdir=.libs
lt_cv_path_LD=/usr/bin/ld
lt_cv_path_LDCXX='/usr/bin/ld -m elf_x86_64'
lt_cv_path_NM='/usr/bin/nm -B'
lt_cv_path_mainfest_tool=no
lt_cv_prog_compiler_c_o=yes
lt_cv_prog_compiler_c_o_CXX=yes
lt_cv_prog_compiler_pic='-fPIC -DPIC'
lt_cv_prog_compiler_pic_CXX='-fPIC -DPIC'
lt_cv_prog_compiler_pic_works=yes
lt_cv_prog_compiler_pic_works_CXX=yes
lt_cv_prog_compiler_rtti_exceptions=no
lt_cv_prog_compiler_static_works=yes
lt_cv_prog_compiler_static_works_CXX=yes
lt_cv_prog_gnu_ld=yes
lt_cv_prog_gnu_ldcxx=yes
lt_cv_sharedlib_from_linklib_cmd='printf %s\n'
lt_cv_shlibpath_overrides_runpath=yes
lt_cv_sys_global_symbol_pipe='sed -n -e '\''s/^.*[	 ]\([ABCDGIRSTW][ABCDGIRSTW]*\)[	 ][	 ]*\([_A-Za-z][_A-Za-z0-9]*\)$/\1 \2 \2/p'\'' | sed '\''/ __gnu_lto/d'\'''
lt_cv_sys_global_symbol_to_c_name_address='sed -n -e '\''s/^: \(.*\) .*$/  {"\1", (void *) 0},/p'\'' -e '\''s/^[ABCDGIRSTW][ABCDGIRSTW]* .* \(.*\)$/  {"\1", (void *) \&\1},/p'\'''
lt_cv_sys_global_symbol_to_c_name_address_lib_prefix='sed -n -e '\''s/^: \(.*\) .*$/  {"\1", (void *) 0},/p'\'' -e '\''s/^[ABCDGIRSTW][ABCDGIRSTW]* .* \(lib.*\)$/  {"\1", (void *) \&\1},/p'\'' -e '\''s/^[ABCDGIRSTW][ABCDGIRSTW]* .* \(.*\)$/  {"lib\1", (void *) \&\1},/p'\'''
lt_cv_sys_global_symbol_to_cdecl='sed -n -e '\''s/^T .* \(.*\)$/extern int \1();/p'\'' -e '\''s/^[ABCDGIRSTW][ABCDGIRSTW]* .* \(.*\)$/extern char \1;/p'\'''
lt_cv_sys_global_symbol_to_import=
lt_cv_sys_max_cmd_len=1572864
lt_cv_to_host_file_cmd=func_convert_file_noop
lt_cv_to_tool_file_cmd=func_convert_file_noop
lt_cv_truncate_bin='/usr/bin/dd bs=4096 count=1'

## ----------------- ##
## Output variables. ##
## ----------------- ##

ACLOCAL='${SHELL} /home/alex/Music/zic/soundtouch/config/missing aclocal-1.16'
AMDEPBACKSLASH='\'
AMDEP_FALSE='#'
AMDEP_TRUE=''
AMTAR='$${TAR-tar}'
AM_BACKSLASH='\'
AM_CXXFLAGS=''
AM_DEFAULT_V='$(AM_DEFAULT_VERBOSITY)'
AM_DEFAULT_VERBOSITY='0'
AM_V='$(V)'
AR='ar'
AUTOCONF='${SHELL} /home/alex/Music/zic/soundtouch/config/missing autoconf'
AUTOHEADER='${SHELL} /home/alex/Music/zic/soundtouch/config/missing autoheader'
AUTOMAKE='${SHELL} /home/alex/Music/zic/soundtouch/config/missing automake-1.16'
AWK='mawk'
CC='gcc'
CCDEPMODE='depmode=gcc3'
CFLAGS='-g -O2'
CPP='gcc -E'
CPPFLAGS=''
CXX='g++'
CXXCPP='g++ -E'
CXXDEPMODE='depmode=gcc3'
CXXFLAGS='-g -O2'
CYGPATH_W='echo'
DEFS='-DHAVE_CONFIG_H'
DEPDIR='.deps'
DLLTOOL='false'
DSYMUTIL=''
DUMPBIN=''
ECHO_C=''
ECHO_N='-n'
ECHO_T=''
EGREP='/usr/bin/grep -E'
EXEEXT=''
FGREP='/usr/bin/grep -F'
GREP='/usr/bin/grep'
HAVE_MMX_FALSE='#'
HAVE_MMX_TRUE=''
HAVE_SSE_FALSE='#'
HAVE_SSE_TRUE=''
INSTALL_DATA='${INSTALL} -m 644'
INSTALL_PROGRAM='${INSTALL}'
INSTALL_SCRIPT='${INSTALL}'
INSTALL_STRIP_PROGRAM='$(install_sh) -c -s'
LD='/usr/bin/ld -m elf_x86_64'
LDFLAGS=''
LIBOBJS=''
LIBS='-lm '
LIBTOOL='$(SHELL) $(top_builddir)/libtool'
LIB_SONAME='1'
LIPO=''
LN_S='ln -s'
LTLIBOBJS=''
LT_SYS_LIBRARY_PATH=''
MAKEINFO='${SHELL} /home/alex/Music/zic/soundtouch/config/missing makeinfo'
MANIFEST_TOOL=':'
MKDIR_P='/usr/bin/mkdir -p'
NM='/usr/bin/nm -B'
NMEDIT=''
OBJDUMP='objdump'
OBJEXT='o'
OTOOL64=''
OTOOL=''
PACKAGE='soundtouch'
PACKAGE_BUGREPORT='http://www.surina.net/soundtouch'
PACKAGE_NAME='SoundTouch'
PACKAGE_STRING='SoundTouch 1.9.2'
PACKAGE_TARNAME='soundtouch'
PACKAGE_URL=''
PACKAGE_VERSION='1.9.2'
PATH_SEPARATOR=':'
RANLIB='ranlib'
SED='/usr/bin/sed'
SET_MAKE=''
SHELL='/bin/bash'
STRIP='strip'
VERSION='1.9.2'
X86_OPTIMIZATIONS_FALSE='#'
X86_OPTIMIZATIONS_TRUE=''
ac_ct_AR='ar'
ac_ct_CC='gcc'
ac_ct_CXX='g++'
ac_ct_DUMPBIN=''
am__EXEEXT_FALSE=''
am__EXEEXT_TRUE='#'
am__fastdepCC_FALSE='#'
am__fastdepCC_TRUE=''
am__fastdepCXX_FALSE='#'
am__fastdepCXX_TRUE=''
am__include='include'
am__isrc=''
am__leading_dot='.'
am__nodep='_no'
am__quote=''
am__tar='$${TAR-tar} chof - "$$tardir"'
am__untar='$${TAR-tar} xf -'
bindir='${exec_prefix}/bin'
build='x86_64-pc-linux-gnu'
build_alias=''
build_cpu='x86_64'
build_os='linux-gnu'
build_vendor='pc'
datadir='${datarootdir}'
datarootdir='${prefix}/share'
docdir='${datarootdir}/doc/${PACKAGE_TARNAME}'
dvidir='${docdir}'
exec_prefix='${prefix}'
host='x86_64-pc-linux-gnu'
host_alias=''
host_cpu='x86_64'
host_os='linux-gnu'
host_vendor='pc'
htmldir='${docdir}'
includedir='${prefix}/include'
infodir='${datarootdir}/info'
install_sh='${SHELL} /home/alex/Music/zic/soundtouch/config/install-sh'
libdir='${exec_prefix}/lib'
libexecdir='${exec_prefix}/libexec'
localedir='${datarootdir}/locale'
localstatedir='${prefix}/var'
mandir='${datarootdir}/man'
mkdir_p='$(MKDIR_P)'
oldincludedir='/usr/include'
pdfdir='${docdir}'
prefix='/usr/local'
program_transform_name='s,x,x,'
psdir='${docdir}'
runstatedir='${localstatedir}/run'
sbindir='${exec_prefix}/sbin'
sharedstatedir='${prefix}/com'
sysconfdir='${prefix}/etc'
target_alias=''

## ----------- ##
## confdefs.h. ##
## ----------- ##

/* confdefs.h */
#define PACKAGE_NAME "SoundTouch"
#define PACKAGE_TARNAME "soundtouch"
#define PACKAGE_VERSION "1.9.2"
#define PACKAGE_STRING "SoundTouch 1.9.2"
#define PACKAGE_BUGREPORT "http://www.surina.net/soundtouch"
#define PACKAGE_URL ""
#define PACKAGE "soundtouch"
#define VERSION "1.9.2"
#define STDC_HEADERS 1
#define HAVE_SYS_TYPES_H 1
#define HAVE_SYS_STAT_H 1
#define HAVE_STDLIB_H 1
#define HAVE_STRING_H 1
#define HAVE_MEMORY_H 1
#define HAVE_STRINGS_H 1
#define HAVE_INTTYPES_H 1
#define HAVE_STDINT_H 1
#define HAVE_UNISTD_H 1
#define HAVE_DLFCN_H 1
#define LT_OBJDIR ".libs/"
#define STDC_HEADERS 1
#define HAVE_CPUID_H 1
#define SOUNDTOUCH_FLOAT_SAMPLES 1
#define HAVE_STDLIB_H 1
#define HAVE_MALLOC 1
#define RETSIGTYPE void
#define HAVE_LIBM 1

configure: exit 0

## ---------------------- ##
## Running config.status. ##
## ---------------------- ##

This file was extended by SoundTouch config.status 1.9.2, which was
generated by GNU Autoconf 2.69.  Invocation command line was

  CONFIG_FILES    = 
  CONFIG_HEADERS  = 
  CONFIG_LINKS    = 
  CONFIG_COMMANDS = 
  $ ./config.status source/Zic/Makefile depfiles

on alex-ThinkPad-T490

config.status:1165: creating source/Zic/Makefile
config.status:1394: executing depfiles commands
config.status:1471: cd source/Zic       && sed -e '/# am--include-marker/d' Makefile         | make -f - am--depfiles
make[1]: Entering directory '/home/alex/Music/zic/soundtouch/source/Zic'
make[1]: Nothing to be done for 'am--depfiles'.
make[1]: Leaving directory '/home/alex/Music/zic/soundtouch/source/Zic'
config.status:1476: $? = 0
